[NX v20.6.4 Daemon Server] - 2025-03-27T12:11:08.483Z - Started listening on: /var/folders/86/2twby8z1395cv4zcxwss0z2c0000gp/T/821558aedca2c3adfd67/d.sock
[NX v20.6.4 Daemon Server] - 2025-03-27T12:11:08.486Z - [WATCHER]: Subscribed to changes within: /Users/dulan/Documents/mail-bridge-apps (native)
[NX v20.6.4 Daemon Server] - 2025-03-27T12:11:08.494Z - Established a connection. Number of open connections: 1
[NX v20.6.4 Daemon Server] - 2025-03-27T12:11:08.495Z - Established a connection. Number of open connections: 2
[NX v20.6.4 Daemon Server] - 2025-03-27T12:11:08.495Z - Closed a connection. Number of open connections: 1
[NX v20.6.4 Daemon Server] - 2025-03-27T12:11:08.496Z - [REQUEST]: Client Request for Project Graph Received
[NX v20.6.4 Daemon Server] - 2025-03-27T12:11:08.546Z - [WATCHER]: Processing file changes in outputs
[NX v20.6.4 Daemon Server] - 2025-03-27T12:11:08.625Z - Time taken for 'Load Nx Plugin: /Users/dulan/Documents/mail-bridge-apps/node_modules/nx/src/plugins/package-json' 127.431917ms
[NX v20.6.4 Daemon Server] - 2025-03-27T12:11:08.627Z - Time taken for 'Load Nx Plugin: /Users/dulan/Documents/mail-bridge-apps/node_modules/nx/src/plugins/project-json/build-nodes/project-json' 129.299916ms
[NX v20.6.4 Daemon Server] - 2025-03-27T12:11:08.633Z - Time taken for 'loadDefaultNxPlugins' 135.338791ms
[NX v20.6.4 Daemon Server] - 2025-03-27T12:11:08.665Z - Time taken for 'Load Nx Plugin: @nx/eslint/plugin' 168.445042ms
[NX v20.6.4 Daemon Server] - 2025-03-27T12:11:08.698Z - [REQUEST]: Updated workspace context based on watched changes, recomputing project graph...
[NX v20.6.4 Daemon Server] - 2025-03-27T12:11:08.698Z - [REQUEST]: 
[NX v20.6.4 Daemon Server] - 2025-03-27T12:11:08.698Z - [REQUEST]: 
[NX v20.6.4 Daemon Server] - 2025-03-27T12:11:08.702Z - Time taken for 'loadSpecifiedNxPlugins' 201.17787500000003ms
[NX v20.6.4 Daemon Server] - 2025-03-27T12:11:08.703Z - Established a connection. Number of open connections: 2
[NX v20.6.4 Daemon Server] - 2025-03-27T12:11:08.703Z - Established a connection. Number of open connections: 3
[NX v20.6.4 Daemon Server] - 2025-03-27T12:11:08.703Z - Closed a connection. Number of open connections: 2
[NX v20.6.4 Daemon Server] - 2025-03-27T12:11:08.703Z - Established a connection. Number of open connections: 3
[NX v20.6.4 Daemon Server] - 2025-03-27T12:11:08.704Z - [REQUEST]: Responding to the client. handleHashGlob
[NX v20.6.4 Daemon Server] - 2025-03-27T12:11:08.704Z - Done responding to the client handleHashGlob
[NX v20.6.4 Daemon Server] - 2025-03-27T12:11:08.704Z - Handled HASH_GLOB. Handling time: 0. Response time: 0.
[NX v20.6.4 Daemon Server] - 2025-03-27T12:11:08.704Z - Established a connection. Number of open connections: 4
[NX v20.6.4 Daemon Server] - 2025-03-27T12:11:08.704Z - Closed a connection. Number of open connections: 3
[NX v20.6.4 Daemon Server] - 2025-03-27T12:11:08.705Z - [REQUEST]: Responding to the client. handleGlob
[NX v20.6.4 Daemon Server] - 2025-03-27T12:11:08.705Z - Done responding to the client handleGlob
[NX v20.6.4 Daemon Server] - 2025-03-27T12:11:08.705Z - Handled GLOB. Handling time: 0. Response time: 0.
[NX v20.6.4 Daemon Server] - 2025-03-27T12:11:08.706Z - [REQUEST]: Responding to the client. handleHashMultiGlob
[NX v20.6.4 Daemon Server] - 2025-03-27T12:11:08.706Z - Done responding to the client handleHashMultiGlob
[NX v20.6.4 Daemon Server] - 2025-03-27T12:11:08.706Z - Handled HASH_GLOB. Handling time: 0. Response time: 0.
[NX v20.6.4 Daemon Server] - 2025-03-27T12:11:09.970Z - [REQUEST]: Responding to the client. handleNxWorkspaceFiles
[NX v20.6.4 Daemon Server] - 2025-03-27T12:11:09.970Z - Done responding to the client handleNxWorkspaceFiles
(node:23829) [DEP0180] DeprecationWarning: fs.Stats constructor is deprecated.
(Use `node --trace-deprecation ...` to show where the warning was created)
[NX v20.6.4 Daemon Server] - 2025-03-27T12:11:09.970Z - Handled GET_FILES_IN_DIRECTORY. Handling time: 0. Response time: 0.
[NX v20.6.4 Daemon Server] - 2025-03-27T12:11:09.988Z - Time taken for 'build-project-configs' 1276.3870419999998ms
[NX v20.6.4 Daemon Server] - 2025-03-27T12:11:10.022Z - Error detected when creating a project graph: Failed to create project graph. See above for errors
[NX v20.6.4 Daemon Server] - 2025-03-27T12:11:10.023Z - [REQUEST]: Responding to the client with an error. Error when preparing serialized project graph. Failed to process project graph.
    WorkspaceValidityError: Configuration Error
  The following implicitDependencies point to non-existent project(s):
    web-app-e2e
      MailBridge
      at assertWorkspaceValidity (/Users/dulan/Documents/mail-bridge-apps/node_modules/nx/src/utils/assert-workspace-validity.js:71:11)
      at buildProjectGraphUsingProjectFileMap (/Users/dulan/Documents/mail-bridge-apps/node_modules/nx/src/project-graph/build-project-graph.js:62:65)
      at createAndSerializeProjectGraph (/Users/dulan/Documents/mail-bridge-apps/node_modules/nx/src/daemon/server/project-graph-incremental-recomputation.js:241:124)
      at process.processTicksAndRejections (node:internal/process/task_queues:105:5)
      at async processFilesAndCreateAndSerializeProjectGraph (/Users/dulan/Documents/mail-bridge-apps/node_modules/nx/src/daemon/server/project-graph-incremental-recomputation.js:172:19)
      at async getCachedSerializedProjectGraphPromise (/Users/dulan/Documents/mail-bridge-apps/node_modules/nx/src/daemon/server/project-graph-incremental-recomputation.js:52:24)
      at async handleRequestProjectGraph (/Users/dulan/Documents/mail-bridge-apps/node_modules/nx/src/daemon/server/handle-request-project-graph.js:12:24)
      at async handleResult (/Users/dulan/Documents/mail-bridge-apps/node_modules/nx/src/daemon/server/server.js:186:16)
      at async handleMessage (/Users/dulan/Documents/mail-bridge-apps/node_modules/nx/src/daemon/server/server.js:109:9)
      at async /Users/dulan/Documents/mail-bridge-apps/node_modules/nx/src/daemon/server/server.js:74:9
[NX v20.6.4 Daemon Server] - 2025-03-27T12:11:10.024Z - Time taken for 'createDependencies' 35.26700000000005ms
[NX v20.6.4 Daemon Server] - 2025-03-27T12:11:10.024Z - Done responding to the client null
[NX v20.6.4 Daemon Server] - 2025-03-27T12:11:10.024Z - Handled REQUEST_PROJECT_GRAPH. Handling time: 1527. Response time: 1.
[NX v20.6.4 Daemon Server] - 2025-03-27T12:11:10.027Z - Closed a connection. Number of open connections: 2
[NX v20.6.4 Daemon Server] - 2025-03-27T12:11:21.447Z - Established a connection. Number of open connections: 3
[NX v20.6.4 Daemon Server] - 2025-03-27T12:11:21.448Z - Closed a connection. Number of open connections: 2
[NX v20.6.4 Daemon Server] - 2025-03-27T12:11:21.448Z - Established a connection. Number of open connections: 3
[NX v20.6.4 Daemon Server] - 2025-03-27T12:11:21.448Z - [REQUEST]: Client Request for Project Graph Received
[NX v20.6.4 Daemon Server] - 2025-03-27T12:11:21.449Z - [REQUEST]: Responding to the client with an error. Error when preparing serialized project graph. Failed to process project graph.
    WorkspaceValidityError: Configuration Error
  The following implicitDependencies point to non-existent project(s):
    web-app-e2e
      MailBridge
      at assertWorkspaceValidity (/Users/dulan/Documents/mail-bridge-apps/node_modules/nx/src/utils/assert-workspace-validity.js:71:11)
      at buildProjectGraphUsingProjectFileMap (/Users/dulan/Documents/mail-bridge-apps/node_modules/nx/src/project-graph/build-project-graph.js:62:65)
      at createAndSerializeProjectGraph (/Users/dulan/Documents/mail-bridge-apps/node_modules/nx/src/daemon/server/project-graph-incremental-recomputation.js:241:124)
      at process.processTicksAndRejections (node:internal/process/task_queues:105:5)
      at async processFilesAndCreateAndSerializeProjectGraph (/Users/dulan/Documents/mail-bridge-apps/node_modules/nx/src/daemon/server/project-graph-incremental-recomputation.js:172:19)
      at async getCachedSerializedProjectGraphPromise (/Users/dulan/Documents/mail-bridge-apps/node_modules/nx/src/daemon/server/project-graph-incremental-recomputation.js:52:24)
      at async handleRequestProjectGraph (/Users/dulan/Documents/mail-bridge-apps/node_modules/nx/src/daemon/server/handle-request-project-graph.js:12:24)
      at async handleResult (/Users/dulan/Documents/mail-bridge-apps/node_modules/nx/src/daemon/server/server.js:186:16)
      at async handleMessage (/Users/dulan/Documents/mail-bridge-apps/node_modules/nx/src/daemon/server/server.js:109:9)
      at async /Users/dulan/Documents/mail-bridge-apps/node_modules/nx/src/daemon/server/server.js:74:9
[NX v20.6.4 Daemon Server] - 2025-03-27T12:11:21.449Z - Done responding to the client null
[NX v20.6.4 Daemon Server] - 2025-03-27T12:11:21.449Z - Handled REQUEST_PROJECT_GRAPH. Handling time: 1. Response time: 0.
[NX v20.6.4 Daemon Server] - 2025-03-27T12:11:21.452Z - Closed a connection. Number of open connections: 2
[NX v20.6.4 Daemon Server] - 2025-03-27T12:12:27.477Z - [WATCHER]: apps/web-app-e2e/project.json was modified
[NX v20.6.4 Daemon Server] - 2025-03-27T12:12:27.478Z - [WATCHER]: Processing file changes in outputs
[NX v20.6.4 Daemon Server] - 2025-03-27T12:12:27.579Z - [REQUEST]: Updated workspace context based on watched changes, recomputing project graph...
[NX v20.6.4 Daemon Server] - 2025-03-27T12:12:27.579Z - [REQUEST]: apps/web-app-e2e/project.json
[NX v20.6.4 Daemon Server] - 2025-03-27T12:12:27.579Z - [REQUEST]: 
[NX v20.6.4 Daemon Server] - 2025-03-27T12:12:27.585Z - [REQUEST]: Responding to the client. handleHashGlob
[NX v20.6.4 Daemon Server] - 2025-03-27T12:12:27.585Z - Done responding to the client handleHashGlob
[NX v20.6.4 Daemon Server] - 2025-03-27T12:12:27.585Z - Handled HASH_GLOB. Handling time: 1. Response time: 0.
[NX v20.6.4 Daemon Server] - 2025-03-27T12:12:27.585Z - Time taken for 'hash changed files from watcher' 0.15895799999998417ms
[NX v20.6.4 Daemon Server] - 2025-03-27T12:12:27.586Z - [REQUEST]: Responding to the client. handleGlob
[NX v20.6.4 Daemon Server] - 2025-03-27T12:12:27.586Z - Done responding to the client handleGlob
[NX v20.6.4 Daemon Server] - 2025-03-27T12:12:27.586Z - Handled GLOB. Handling time: 0. Response time: 0.
[NX v20.6.4 Daemon Server] - 2025-03-27T12:12:27.588Z - [REQUEST]: Responding to the client. handleHashMultiGlob
[NX v20.6.4 Daemon Server] - 2025-03-27T12:12:27.589Z - Done responding to the client handleHashMultiGlob
[NX v20.6.4 Daemon Server] - 2025-03-27T12:12:27.589Z - Handled HASH_GLOB. Handling time: 1. Response time: 1.
[NX v20.6.4 Daemon Server] - 2025-03-27T12:12:27.599Z - [REQUEST]: Responding to the client. handleNxWorkspaceFiles
[NX v20.6.4 Daemon Server] - 2025-03-27T12:12:27.599Z - Done responding to the client handleNxWorkspaceFiles
[NX v20.6.4 Daemon Server] - 2025-03-27T12:12:27.599Z - Handled GET_FILES_IN_DIRECTORY. Handling time: 0. Response time: 0.
[NX v20.6.4 Daemon Server] - 2025-03-27T12:12:27.623Z - Time taken for 'build-project-configs' 38.4435000000085ms
[NX v20.6.4 Daemon Server] - 2025-03-27T12:12:27.657Z - [SYNC]: collect registered sync generators
[NX v20.6.4 Daemon Server] - 2025-03-27T12:12:27.658Z - Time taken for 'total execution time for createProjectGraph()' 24.082792000001064ms
[NX v20.6.4 Daemon Server] - 2025-03-27T12:12:57.954Z - [WATCHER]: apps/web-app/project.json was modified
[NX v20.6.4 Daemon Server] - 2025-03-27T12:12:57.955Z - [WATCHER]: Processing file changes in outputs
[NX v20.6.4 Daemon Server] - 2025-03-27T12:12:58.156Z - [REQUEST]: Updated workspace context based on watched changes, recomputing project graph...
[NX v20.6.4 Daemon Server] - 2025-03-27T12:12:58.156Z - [REQUEST]: apps/web-app/project.json
[NX v20.6.4 Daemon Server] - 2025-03-27T12:12:58.156Z - [REQUEST]: 
[NX v20.6.4 Daemon Server] - 2025-03-27T12:12:58.162Z - [REQUEST]: Responding to the client. handleHashGlob
[NX v20.6.4 Daemon Server] - 2025-03-27T12:12:58.162Z - Done responding to the client handleHashGlob
[NX v20.6.4 Daemon Server] - 2025-03-27T12:12:58.162Z - Handled HASH_GLOB. Handling time: 1. Response time: 0.
[NX v20.6.4 Daemon Server] - 2025-03-27T12:12:58.162Z - Time taken for 'hash changed files from watcher' 0.15508300000510644ms
[NX v20.6.4 Daemon Server] - 2025-03-27T12:12:58.163Z - [REQUEST]: Responding to the client. handleGlob
[NX v20.6.4 Daemon Server] - 2025-03-27T12:12:58.163Z - Done responding to the client handleGlob
[NX v20.6.4 Daemon Server] - 2025-03-27T12:12:58.163Z - Handled GLOB. Handling time: 1. Response time: 0.
[NX v20.6.4 Daemon Server] - 2025-03-27T12:12:58.164Z - [REQUEST]: Responding to the client. handleHashMultiGlob
[NX v20.6.4 Daemon Server] - 2025-03-27T12:12:58.165Z - Done responding to the client handleHashMultiGlob
[NX v20.6.4 Daemon Server] - 2025-03-27T12:12:58.165Z - Handled HASH_GLOB. Handling time: 0. Response time: 1.
[NX v20.6.4 Daemon Server] - 2025-03-27T12:12:58.202Z - Time taken for 'build-project-configs' 40.20487499999581ms
[NX v20.6.4 Daemon Server] - 2025-03-27T12:12:58.228Z - [SYNC]: collect registered sync generators
[NX v20.6.4 Daemon Server] - 2025-03-27T12:12:58.228Z - [SYNC]: nx.json hash is the same, not collecting global sync generators
[NX v20.6.4 Daemon Server] - 2025-03-27T12:12:58.228Z - Time taken for 'total execution time for createProjectGraph()' 23.461166000008234ms
[NX v20.6.4 Daemon Server] - 2025-03-27T12:12:59.379Z - [WATCHER]: apps/web-app-e2e/project.json was modified
[NX v20.6.4 Daemon Server] - 2025-03-27T12:12:59.380Z - [WATCHER]: Processing file changes in outputs
[NX v20.6.4 Daemon Server] - 2025-03-27T12:12:59.780Z - [REQUEST]: Updated workspace context based on watched changes, recomputing project graph...
[NX v20.6.4 Daemon Server] - 2025-03-27T12:12:59.780Z - [REQUEST]: apps/web-app-e2e/project.json
[NX v20.6.4 Daemon Server] - 2025-03-27T12:12:59.780Z - [REQUEST]: 
[NX v20.6.4 Daemon Server] - 2025-03-27T12:12:59.783Z - [REQUEST]: Responding to the client. handleHashGlob
[NX v20.6.4 Daemon Server] - 2025-03-27T12:12:59.783Z - Done responding to the client handleHashGlob
[NX v20.6.4 Daemon Server] - 2025-03-27T12:12:59.783Z - Handled HASH_GLOB. Handling time: 0. Response time: 0.
[NX v20.6.4 Daemon Server] - 2025-03-27T12:12:59.783Z - Time taken for 'hash changed files from watcher' 0.08495799999218434ms
[NX v20.6.4 Daemon Server] - 2025-03-27T12:12:59.784Z - [REQUEST]: Responding to the client. handleGlob
[NX v20.6.4 Daemon Server] - 2025-03-27T12:12:59.784Z - Done responding to the client handleGlob
[NX v20.6.4 Daemon Server] - 2025-03-27T12:12:59.784Z - Handled GLOB. Handling time: 0. Response time: 0.
[NX v20.6.4 Daemon Server] - 2025-03-27T12:12:59.785Z - [REQUEST]: Responding to the client. handleHashMultiGlob
[NX v20.6.4 Daemon Server] - 2025-03-27T12:12:59.785Z - Done responding to the client handleHashMultiGlob
[NX v20.6.4 Daemon Server] - 2025-03-27T12:12:59.785Z - Handled HASH_GLOB. Handling time: 0. Response time: 0.
[NX v20.6.4 Daemon Server] - 2025-03-27T12:12:59.796Z - Time taken for 'build-project-configs' 12.13079199999629ms
[NX v20.6.4 Daemon Server] - 2025-03-27T12:12:59.817Z - [SYNC]: collect registered sync generators
[NX v20.6.4 Daemon Server] - 2025-03-27T12:12:59.817Z - [SYNC]: project graph hash is the same, not collecting task sync generators
[NX v20.6.4 Daemon Server] - 2025-03-27T12:12:59.817Z - [SYNC]: nx.json hash is the same, not collecting global sync generators
[NX v20.6.4 Daemon Server] - 2025-03-27T12:12:59.818Z - Time taken for 'total execution time for createProjectGraph()' 16.88820799998939ms
[NX v20.6.4 Daemon Server] - 2025-03-27T12:13:05.189Z - Established a connection. Number of open connections: 3
[NX v20.6.4 Daemon Server] - 2025-03-27T12:13:05.190Z - Closed a connection. Number of open connections: 2
[NX v20.6.4 Daemon Server] - 2025-03-27T12:13:05.191Z - Established a connection. Number of open connections: 3
[NX v20.6.4 Daemon Server] - 2025-03-27T12:13:05.191Z - [REQUEST]: Client Request for Project Graph Received
[NX v20.6.4 Daemon Server] - 2025-03-27T12:13:05.191Z - [REQUEST]: Responding to the client. project-graph
[NX v20.6.4 Daemon Server] - 2025-03-27T12:13:05.192Z - Time taken for 'total for creating and serializing project graph' 0.12433399999281392ms
[NX v20.6.4 Daemon Server] - 2025-03-27T12:13:05.195Z - Done responding to the client project-graph
[NX v20.6.4 Daemon Server] - 2025-03-27T12:13:05.195Z - Handled REQUEST_PROJECT_GRAPH. Handling time: 0. Response time: 4.
[NX v20.6.4 Daemon Server] - 2025-03-27T12:13:05.206Z - [REQUEST]: Client Request for Project Graph Received
[NX v20.6.4 Daemon Server] - 2025-03-27T12:13:05.206Z - [REQUEST]: Responding to the client. project-graph
[NX v20.6.4 Daemon Server] - 2025-03-27T12:13:05.206Z - Time taken for 'total for creating and serializing project graph' 0.10429199998907279ms
[NX v20.6.4 Daemon Server] - 2025-03-27T12:13:05.207Z - Done responding to the client project-graph
[NX v20.6.4 Daemon Server] - 2025-03-27T12:13:05.207Z - Handled REQUEST_PROJECT_GRAPH. Handling time: 0. Response time: 1.
[NX v20.6.4 Daemon Server] - 2025-03-27T12:13:05.209Z - Established a connection. Number of open connections: 4
[NX v20.6.4 Daemon Server] - 2025-03-27T12:13:05.210Z - [REQUEST]: Client Request for Project Graph Received
[NX v20.6.4 Daemon Server] - 2025-03-27T12:13:05.210Z - [REQUEST]: Responding to the client. project-graph
[NX v20.6.4 Daemon Server] - 2025-03-27T12:13:05.210Z - Time taken for 'total for creating and serializing project graph' 0.06637499999487773ms
[NX v20.6.4 Daemon Server] - 2025-03-27T12:13:05.211Z - Done responding to the client project-graph
[NX v20.6.4 Daemon Server] - 2025-03-27T12:13:05.211Z - Handled REQUEST_PROJECT_GRAPH. Handling time: 0. Response time: 1.
[NX v20.6.4 Daemon Server] - 2025-03-27T12:14:44.043Z - Closed a connection. Number of open connections: 3
[NX v20.6.4 Daemon Server] - 2025-03-27T12:14:44.044Z - Closed a connection. Number of open connections: 2
[NX v20.6.4 Daemon Server] - 2025-03-27T12:14:53.813Z - [WATCHER]: package.json was modified
[NX v20.6.4 Daemon Server] - 2025-03-27T12:14:53.813Z - [WATCHER]: Processing file changes in outputs
[NX v20.6.4 Daemon Server] - 2025-03-27T12:14:53.914Z - [REQUEST]: Updated workspace context based on watched changes, recomputing project graph...
[NX v20.6.4 Daemon Server] - 2025-03-27T12:14:53.914Z - [REQUEST]: package.json
[NX v20.6.4 Daemon Server] - 2025-03-27T12:14:53.914Z - [REQUEST]: 
[NX v20.6.4 Daemon Server] - 2025-03-27T12:14:53.917Z - Time taken for 'hash changed files from watcher' 0.10375000000931323ms
[NX v20.6.4 Daemon Server] - 2025-03-27T12:14:53.920Z - [REQUEST]: Responding to the client. handleHashGlob
[NX v20.6.4 Daemon Server] - 2025-03-27T12:14:53.920Z - Done responding to the client handleHashGlob
[NX v20.6.4 Daemon Server] - 2025-03-27T12:14:53.920Z - Handled HASH_GLOB. Handling time: 1. Response time: 0.
[NX v20.6.4 Daemon Server] - 2025-03-27T12:14:53.921Z - [REQUEST]: Responding to the client. handleGlob
[NX v20.6.4 Daemon Server] - 2025-03-27T12:14:53.921Z - Done responding to the client handleGlob
[NX v20.6.4 Daemon Server] - 2025-03-27T12:14:53.921Z - Handled GLOB. Handling time: 1. Response time: 0.
[NX v20.6.4 Daemon Server] - 2025-03-27T12:14:53.922Z - [REQUEST]: Responding to the client. handleHashMultiGlob
[NX v20.6.4 Daemon Server] - 2025-03-27T12:14:53.922Z - Done responding to the client handleHashMultiGlob
[NX v20.6.4 Daemon Server] - 2025-03-27T12:14:53.922Z - Handled HASH_GLOB. Handling time: 1. Response time: 0.
[NX v20.6.4 Daemon Server] - 2025-03-27T12:14:53.958Z - Time taken for 'build-project-configs' 40.36166699999012ms
[NX v20.6.4 Daemon Server] - 2025-03-27T12:14:53.975Z - [SYNC]: collect registered sync generators
[NX v20.6.4 Daemon Server] - 2025-03-27T12:14:53.975Z - [SYNC]: project graph hash is the same, not collecting task sync generators
[NX v20.6.4 Daemon Server] - 2025-03-27T12:14:53.975Z - [SYNC]: nx.json hash is the same, not collecting global sync generators
[NX v20.6.4 Daemon Server] - 2025-03-27T12:14:53.975Z - Time taken for 'total execution time for createProjectGraph()' 13.90054199998849ms
[NX v20.6.4 Daemon Server] - 2025-03-27T12:14:53.984Z - [WATCHER]: Processing file changes in outputs
[NX v20.6.4 Daemon Server] - 2025-03-27T12:14:53.984Z - Closed a connection. Number of open connections: 1
[NX v20.6.4 Daemon Server] - 2025-03-27T12:14:53.984Z - Closed a connection. Number of open connections: 0
[NX v20.6.4 Daemon Server] - 2025-03-27T12:14:53.985Z - [WATCHER]: Stopping the watcher for /Users/dulan/Documents/mail-bridge-apps (sources)
[NX v20.6.4 Daemon Server] - 2025-03-27T12:14:53.985Z - [WATCHER]: Stopping the watcher for /Users/dulan/Documents/mail-bridge-apps (outputs)
[NX v20.6.4 Daemon Server] - 2025-03-27T12:14:53.986Z - Server stopped because: "LOCK_FILES_CHANGED"
[NX v20.6.4 Daemon Server] - 2025-03-27T12:40:27.501Z - Started listening on: /var/folders/86/2twby8z1395cv4zcxwss0z2c0000gp/T/821558aedca2c3adfd67/d.sock
[NX v20.6.4 Daemon Server] - 2025-03-27T12:40:27.542Z - [WATCHER]: Subscribed to changes within: /Users/dulan/Documents/mail-bridge-apps (native)
[NX v20.6.4 Daemon Server] - 2025-03-27T12:40:27.543Z - Established a connection. Number of open connections: 1
[NX v20.6.4 Daemon Server] - 2025-03-27T12:40:27.544Z - Established a connection. Number of open connections: 2
[NX v20.6.4 Daemon Server] - 2025-03-27T12:40:27.545Z - Closed a connection. Number of open connections: 1
[NX v20.6.4 Daemon Server] - 2025-03-27T12:40:27.545Z - [REQUEST]: Client Request for Project Graph Received
[NX v20.6.4 Daemon Server] - 2025-03-27T12:40:27.690Z - Time taken for 'Load Nx Plugin: /Users/dulan/Documents/mail-bridge-apps/node_modules/nx/src/plugins/package-json' 142.85595800000002ms
[NX v20.6.4 Daemon Server] - 2025-03-27T12:40:27.692Z - Time taken for 'Load Nx Plugin: /Users/dulan/Documents/mail-bridge-apps/node_modules/nx/src/plugins/project-json/build-nodes/project-json' 144.63341699999998ms
[NX v20.6.4 Daemon Server] - 2025-03-27T12:40:27.699Z - Time taken for 'loadDefaultNxPlugins' 152.4295ms
[NX v20.6.4 Daemon Server] - 2025-03-27T12:40:27.734Z - Time taken for 'Load Nx Plugin: @nx/eslint/plugin' 187.394042ms
[NX v20.6.4 Daemon Server] - 2025-03-27T12:40:27.777Z - [REQUEST]: Updated workspace context based on watched changes, recomputing project graph...
[NX v20.6.4 Daemon Server] - 2025-03-27T12:40:27.777Z - [REQUEST]: 
[NX v20.6.4 Daemon Server] - 2025-03-27T12:40:27.777Z - [REQUEST]: 
[NX v20.6.4 Daemon Server] - 2025-03-27T12:40:27.782Z - Time taken for 'loadSpecifiedNxPlugins' 231.157084ms
[NX v20.6.4 Daemon Server] - 2025-03-27T12:40:27.782Z - Established a connection. Number of open connections: 2
[NX v20.6.4 Daemon Server] - 2025-03-27T12:40:27.783Z - Established a connection. Number of open connections: 3
[NX v20.6.4 Daemon Server] - 2025-03-27T12:40:27.783Z - Closed a connection. Number of open connections: 2
[NX v20.6.4 Daemon Server] - 2025-03-27T12:40:27.783Z - Established a connection. Number of open connections: 3
[NX v20.6.4 Daemon Server] - 2025-03-27T12:40:27.784Z - [REQUEST]: Responding to the client. handleHashGlob
[NX v20.6.4 Daemon Server] - 2025-03-27T12:40:27.784Z - Done responding to the client handleHashGlob
[NX v20.6.4 Daemon Server] - 2025-03-27T12:40:27.784Z - Handled HASH_GLOB. Handling time: 0. Response time: 0.
[NX v20.6.4 Daemon Server] - 2025-03-27T12:40:27.784Z - Established a connection. Number of open connections: 4
[NX v20.6.4 Daemon Server] - 2025-03-27T12:40:27.784Z - Closed a connection. Number of open connections: 3
[NX v20.6.4 Daemon Server] - 2025-03-27T12:40:27.785Z - [REQUEST]: Responding to the client. handleGlob
[NX v20.6.4 Daemon Server] - 2025-03-27T12:40:27.785Z - Done responding to the client handleGlob
[NX v20.6.4 Daemon Server] - 2025-03-27T12:40:27.785Z - Handled GLOB. Handling time: 0. Response time: 0.
[NX v20.6.4 Daemon Server] - 2025-03-27T12:40:27.786Z - [REQUEST]: Responding to the client. handleHashMultiGlob
[NX v20.6.4 Daemon Server] - 2025-03-27T12:40:27.786Z - Done responding to the client handleHashMultiGlob
[NX v20.6.4 Daemon Server] - 2025-03-27T12:40:27.786Z - Handled HASH_GLOB. Handling time: 0. Response time: 0.
(node:11234) [DEP0180] DeprecationWarning: fs.Stats constructor is deprecated.
(Use `node --trace-deprecation ...` to show where the warning was created)
[NX v20.6.4 Daemon Server] - 2025-03-27T12:40:28.679Z - [REQUEST]: Responding to the client. handleNxWorkspaceFiles
[NX v20.6.4 Daemon Server] - 2025-03-27T12:40:28.679Z - Done responding to the client handleNxWorkspaceFiles
[NX v20.6.4 Daemon Server] - 2025-03-27T12:40:28.679Z - Handled GET_FILES_IN_DIRECTORY. Handling time: 1. Response time: 0.
[NX v20.6.4 Daemon Server] - 2025-03-27T12:40:28.721Z - Time taken for 'build-project-configs' 921.929583ms
[NX v20.6.4 Daemon Server] - 2025-03-27T12:40:28.764Z - [SYNC]: collect registered sync generators
[NX v20.6.4 Daemon Server] - 2025-03-27T12:40:28.765Z - [REQUEST]: Responding to the client. project-graph
[NX v20.6.4 Daemon Server] - 2025-03-27T12:40:28.765Z - Time taken for 'total for creating and serializing project graph' 1219.4774579999998ms
[NX v20.6.4 Daemon Server] - 2025-03-27T12:40:28.767Z - Done responding to the client project-graph
[NX v20.6.4 Daemon Server] - 2025-03-27T12:40:28.767Z - Handled REQUEST_PROJECT_GRAPH. Handling time: 1220. Response time: 2.
[NX v20.6.4 Daemon Server] - 2025-03-27T12:40:28.770Z - Closed a connection. Number of open connections: 2
[NX v20.6.4 Daemon Server] - 2025-03-27T12:40:28.927Z - Established a connection. Number of open connections: 3
[NX v20.6.4 Daemon Server] - 2025-03-27T12:40:28.928Z - Closed a connection. Number of open connections: 2
[NX v20.6.4 Daemon Server] - 2025-03-27T12:40:28.928Z - Established a connection. Number of open connections: 3
[NX v20.6.4 Daemon Server] - 2025-03-27T12:40:28.929Z - [REQUEST]: Client Request for Project Graph Received
[NX v20.6.4 Daemon Server] - 2025-03-27T12:40:28.929Z - [REQUEST]: Responding to the client. project-graph
[NX v20.6.4 Daemon Server] - 2025-03-27T12:40:28.930Z - Time taken for 'total for creating and serializing project graph' 0.12475000000017644ms
[NX v20.6.4 Daemon Server] - 2025-03-27T12:40:28.932Z - Done responding to the client project-graph
[NX v20.6.4 Daemon Server] - 2025-03-27T12:40:28.933Z - Handled REQUEST_PROJECT_GRAPH. Handling time: 0. Response time: 4.
[NX v20.6.4 Daemon Server] - 2025-03-27T12:40:28.936Z - Closed a connection. Number of open connections: 2
[NX v20.6.4 Daemon Server] - 2025-03-27T12:40:29.109Z - Established a connection. Number of open connections: 3
[NX v20.6.4 Daemon Server] - 2025-03-27T12:40:29.109Z - Closed a connection. Number of open connections: 2
[NX v20.6.4 Daemon Server] - 2025-03-27T12:40:29.109Z - Established a connection. Number of open connections: 3
[NX v20.6.4 Daemon Server] - 2025-03-27T12:40:29.110Z - [REQUEST]: Client Request for Project Graph Received
[NX v20.6.4 Daemon Server] - 2025-03-27T12:40:29.110Z - [REQUEST]: Responding to the client. project-graph
[NX v20.6.4 Daemon Server] - 2025-03-27T12:40:29.111Z - Time taken for 'total for creating and serializing project graph' 0.13949999999999818ms
[NX v20.6.4 Daemon Server] - 2025-03-27T12:40:29.113Z - Done responding to the client project-graph
[NX v20.6.4 Daemon Server] - 2025-03-27T12:40:29.114Z - Handled REQUEST_PROJECT_GRAPH. Handling time: 0. Response time: 4.
[NX v20.6.4 Daemon Server] - 2025-03-27T12:40:29.117Z - Closed a connection. Number of open connections: 2
[NX v20.6.4 Daemon Server] - 2025-03-27T12:41:35.589Z - Established a connection. Number of open connections: 3
[NX v20.6.4 Daemon Server] - 2025-03-27T12:41:35.589Z - Closed a connection. Number of open connections: 2
[NX v20.6.4 Daemon Server] - 2025-03-27T12:41:35.589Z - Established a connection. Number of open connections: 3
[NX v20.6.4 Daemon Server] - 2025-03-27T12:41:35.591Z - [REQUEST]: Client Request for Project Graph Received
[NX v20.6.4 Daemon Server] - 2025-03-27T12:41:35.591Z - [REQUEST]: Responding to the client. project-graph
[NX v20.6.4 Daemon Server] - 2025-03-27T12:41:35.591Z - Time taken for 'total for creating and serializing project graph' 0.1910409999982221ms
[NX v20.6.4 Daemon Server] - 2025-03-27T12:41:35.593Z - Done responding to the client project-graph
[NX v20.6.4 Daemon Server] - 2025-03-27T12:41:35.593Z - Handled REQUEST_PROJECT_GRAPH. Handling time: 0. Response time: 2.
[NX v20.6.4 Daemon Server] - 2025-03-27T12:41:44.516Z - Closed a connection. Number of open connections: 2
[NX v20.6.4 Daemon Server] - 2025-03-27T12:42:08.214Z - [WATCHER]: apps/web-app/src/app/app.module.ts was created or restored
[NX v20.6.4 Daemon Server] - 2025-03-27T12:42:08.214Z - [WATCHER]: Processing file changes in outputs
[NX v20.6.4 Daemon Server] - 2025-03-27T12:42:08.315Z - [REQUEST]: Updated workspace context based on watched changes, recomputing project graph...
[NX v20.6.4 Daemon Server] - 2025-03-27T12:42:08.315Z - [REQUEST]: apps/web-app/src/app/app.module.ts
[NX v20.6.4 Daemon Server] - 2025-03-27T12:42:08.315Z - [REQUEST]: 
[NX v20.6.4 Daemon Server] - 2025-03-27T12:42:08.318Z - [REQUEST]: Responding to the client. handleHashGlob
[NX v20.6.4 Daemon Server] - 2025-03-27T12:42:08.318Z - Done responding to the client handleHashGlob
[NX v20.6.4 Daemon Server] - 2025-03-27T12:42:08.318Z - Handled HASH_GLOB. Handling time: 1. Response time: 0.
[NX v20.6.4 Daemon Server] - 2025-03-27T12:42:08.318Z - Time taken for 'hash changed files from watcher' 0.06187499999941792ms
[NX v20.6.4 Daemon Server] - 2025-03-27T12:42:08.319Z - [REQUEST]: Responding to the client. handleGlob
[NX v20.6.4 Daemon Server] - 2025-03-27T12:42:08.319Z - Done responding to the client handleGlob
[NX v20.6.4 Daemon Server] - 2025-03-27T12:42:08.319Z - Handled GLOB. Handling time: 0. Response time: 0.
[NX v20.6.4 Daemon Server] - 2025-03-27T12:42:08.320Z - [REQUEST]: Responding to the client. handleHashMultiGlob
[NX v20.6.4 Daemon Server] - 2025-03-27T12:42:08.320Z - Done responding to the client handleHashMultiGlob
[NX v20.6.4 Daemon Server] - 2025-03-27T12:42:08.320Z - Handled HASH_GLOB. Handling time: 1. Response time: 0.
[NX v20.6.4 Daemon Server] - 2025-03-27T12:42:08.346Z - Time taken for 'build-project-configs' 27.51774999999907ms
[NX v20.6.4 Daemon Server] - 2025-03-27T12:42:08.363Z - [SYNC]: collect registered sync generators
[NX v20.6.4 Daemon Server] - 2025-03-27T12:42:08.363Z - [SYNC]: project graph hash is the same, not collecting task sync generators
[NX v20.6.4 Daemon Server] - 2025-03-27T12:42:08.363Z - [SYNC]: nx.json hash is the same, not collecting global sync generators
[NX v20.6.4 Daemon Server] - 2025-03-27T12:42:08.363Z - Time taken for 'total execution time for createProjectGraph()' 15.87812500000291ms
[NX v20.6.4 Daemon Server] - 2025-03-27T12:42:09.527Z - [WATCHER]: apps/web-app/src/app/app.module.ts was modified
[NX v20.6.4 Daemon Server] - 2025-03-27T12:42:09.527Z - [WATCHER]: Processing file changes in outputs
[NX v20.6.4 Daemon Server] - 2025-03-27T12:42:09.728Z - [REQUEST]: Updated workspace context based on watched changes, recomputing project graph...
[NX v20.6.4 Daemon Server] - 2025-03-27T12:42:09.728Z - [REQUEST]: apps/web-app/src/app/app.module.ts
[NX v20.6.4 Daemon Server] - 2025-03-27T12:42:09.728Z - [REQUEST]: 
[NX v20.6.4 Daemon Server] - 2025-03-27T12:42:09.732Z - [REQUEST]: Responding to the client. handleHashGlob
[NX v20.6.4 Daemon Server] - 2025-03-27T12:42:09.732Z - Done responding to the client handleHashGlob
[NX v20.6.4 Daemon Server] - 2025-03-27T12:42:09.732Z - Handled HASH_GLOB. Handling time: 1. Response time: 0.
[NX v20.6.4 Daemon Server] - 2025-03-27T12:42:09.732Z - Time taken for 'hash changed files from watcher' 0.10116700000071432ms
[NX v20.6.4 Daemon Server] - 2025-03-27T12:42:09.733Z - [REQUEST]: Responding to the client. handleGlob
[NX v20.6.4 Daemon Server] - 2025-03-27T12:42:09.733Z - Done responding to the client handleGlob
[NX v20.6.4 Daemon Server] - 2025-03-27T12:42:09.733Z - Handled GLOB. Handling time: 1. Response time: 0.
[NX v20.6.4 Daemon Server] - 2025-03-27T12:42:09.734Z - [REQUEST]: Responding to the client. handleHashMultiGlob
[NX v20.6.4 Daemon Server] - 2025-03-27T12:42:09.734Z - Done responding to the client handleHashMultiGlob
[NX v20.6.4 Daemon Server] - 2025-03-27T12:42:09.734Z - Handled HASH_GLOB. Handling time: 1. Response time: 0.
[NX v20.6.4 Daemon Server] - 2025-03-27T12:42:09.763Z - Time taken for 'build-project-configs' 31.82308300001023ms
[NX v20.6.4 Daemon Server] - 2025-03-27T12:42:09.785Z - [SYNC]: collect registered sync generators
[NX v20.6.4 Daemon Server] - 2025-03-27T12:42:09.785Z - [SYNC]: project graph hash is the same, not collecting task sync generators
[NX v20.6.4 Daemon Server] - 2025-03-27T12:42:09.786Z - [SYNC]: nx.json hash is the same, not collecting global sync generators
[NX v20.6.4 Daemon Server] - 2025-03-27T12:42:09.786Z - Time taken for 'total execution time for createProjectGraph()' 20.25929200000246ms
[NX v20.6.4 Daemon Server] - 2025-03-27T12:42:22.667Z - [WATCHER]: apps/web-app/src/app/app-routing.module.ts was created or restored
[NX v20.6.4 Daemon Server] - 2025-03-27T12:42:22.667Z - [WATCHER]: Processing file changes in outputs
[NX v20.6.4 Daemon Server] - 2025-03-27T12:42:22.767Z - [REQUEST]: Updated workspace context based on watched changes, recomputing project graph...
[NX v20.6.4 Daemon Server] - 2025-03-27T12:42:22.768Z - [REQUEST]: apps/web-app/src/app/app-routing.module.ts
[NX v20.6.4 Daemon Server] - 2025-03-27T12:42:22.768Z - [REQUEST]: 
[NX v20.6.4 Daemon Server] - 2025-03-27T12:42:22.771Z - [REQUEST]: Responding to the client. handleHashGlob
[NX v20.6.4 Daemon Server] - 2025-03-27T12:42:22.771Z - Done responding to the client handleHashGlob
[NX v20.6.4 Daemon Server] - 2025-03-27T12:42:22.771Z - Handled HASH_GLOB. Handling time: 1. Response time: 0.
[NX v20.6.4 Daemon Server] - 2025-03-27T12:42:22.771Z - Time taken for 'hash changed files from watcher' 0.07799999999406282ms
[NX v20.6.4 Daemon Server] - 2025-03-27T12:42:22.771Z - [REQUEST]: Responding to the client. handleGlob
[NX v20.6.4 Daemon Server] - 2025-03-27T12:42:22.771Z - Done responding to the client handleGlob
[NX v20.6.4 Daemon Server] - 2025-03-27T12:42:22.771Z - Handled GLOB. Handling time: 0. Response time: 0.
[NX v20.6.4 Daemon Server] - 2025-03-27T12:42:22.773Z - [REQUEST]: Responding to the client. handleHashMultiGlob
[NX v20.6.4 Daemon Server] - 2025-03-27T12:42:22.773Z - Done responding to the client handleHashMultiGlob
[NX v20.6.4 Daemon Server] - 2025-03-27T12:42:22.773Z - Handled HASH_GLOB. Handling time: 1. Response time: 0.
[NX v20.6.4 Daemon Server] - 2025-03-27T12:42:22.800Z - Time taken for 'build-project-configs' 28.97379099999671ms
[NX v20.6.4 Daemon Server] - 2025-03-27T12:42:22.817Z - [SYNC]: collect registered sync generators
[NX v20.6.4 Daemon Server] - 2025-03-27T12:42:22.817Z - [SYNC]: project graph hash is the same, not collecting task sync generators
[NX v20.6.4 Daemon Server] - 2025-03-27T12:42:22.817Z - [SYNC]: nx.json hash is the same, not collecting global sync generators
[NX v20.6.4 Daemon Server] - 2025-03-27T12:42:22.817Z - Time taken for 'total execution time for createProjectGraph()' 15.290084000007482ms
[NX v20.6.4 Daemon Server] - 2025-03-27T12:42:27.544Z - [WATCHER]: apps/web-app/src/app/app.module.ts was modified
[NX v20.6.4 Daemon Server] - 2025-03-27T12:42:27.544Z - [WATCHER]: Processing file changes in outputs
[NX v20.6.4 Daemon Server] - 2025-03-27T12:42:27.744Z - [REQUEST]: Updated workspace context based on watched changes, recomputing project graph...
[NX v20.6.4 Daemon Server] - 2025-03-27T12:42:27.744Z - [REQUEST]: apps/web-app/src/app/app.module.ts
[NX v20.6.4 Daemon Server] - 2025-03-27T12:42:27.744Z - [REQUEST]: 
[NX v20.6.4 Daemon Server] - 2025-03-27T12:42:27.749Z - [REQUEST]: Responding to the client. handleHashGlob
[NX v20.6.4 Daemon Server] - 2025-03-27T12:42:27.749Z - Done responding to the client handleHashGlob
[NX v20.6.4 Daemon Server] - 2025-03-27T12:42:27.749Z - Handled HASH_GLOB. Handling time: 0. Response time: 0.
[NX v20.6.4 Daemon Server] - 2025-03-27T12:42:27.749Z - Time taken for 'hash changed files from watcher' 0.1764170000096783ms
[NX v20.6.4 Daemon Server] - 2025-03-27T12:42:27.751Z - [REQUEST]: Responding to the client. handleGlob
[NX v20.6.4 Daemon Server] - 2025-03-27T12:42:27.751Z - Done responding to the client handleGlob
[NX v20.6.4 Daemon Server] - 2025-03-27T12:42:27.751Z - Handled GLOB. Handling time: 1. Response time: 0.
[NX v20.6.4 Daemon Server] - 2025-03-27T12:42:27.752Z - [REQUEST]: Responding to the client. handleHashMultiGlob
[NX v20.6.4 Daemon Server] - 2025-03-27T12:42:27.752Z - Done responding to the client handleHashMultiGlob
[NX v20.6.4 Daemon Server] - 2025-03-27T12:42:27.752Z - Handled HASH_GLOB. Handling time: 1. Response time: 0.
[NX v20.6.4 Daemon Server] - 2025-03-27T12:42:27.767Z - Time taken for 'build-project-configs' 17.76875000000291ms
[NX v20.6.4 Daemon Server] - 2025-03-27T12:42:27.789Z - [SYNC]: collect registered sync generators
[NX v20.6.4 Daemon Server] - 2025-03-27T12:42:27.789Z - [SYNC]: project graph hash is the same, not collecting task sync generators
[NX v20.6.4 Daemon Server] - 2025-03-27T12:42:27.789Z - [SYNC]: nx.json hash is the same, not collecting global sync generators
[NX v20.6.4 Daemon Server] - 2025-03-27T12:42:27.789Z - Time taken for 'total execution time for createProjectGraph()' 19.0367499999993ms
[NX v20.6.4 Daemon Server] - 2025-03-27T12:42:42.817Z - [WATCHER]: apps/web-app/src/app/app-routing.module.ts was modified
[NX v20.6.4 Daemon Server] - 2025-03-27T12:42:42.818Z - [WATCHER]: Processing file changes in outputs
[NX v20.6.4 Daemon Server] - 2025-03-27T12:42:43.219Z - [REQUEST]: Updated workspace context based on watched changes, recomputing project graph...
[NX v20.6.4 Daemon Server] - 2025-03-27T12:42:43.219Z - [REQUEST]: apps/web-app/src/app/app-routing.module.ts
[NX v20.6.4 Daemon Server] - 2025-03-27T12:42:43.220Z - [REQUEST]: 
[NX v20.6.4 Daemon Server] - 2025-03-27T12:42:43.232Z - [REQUEST]: Responding to the client. handleHashGlob
[NX v20.6.4 Daemon Server] - 2025-03-27T12:42:43.232Z - Done responding to the client handleHashGlob
[NX v20.6.4 Daemon Server] - 2025-03-27T12:42:43.232Z - Handled HASH_GLOB. Handling time: 1. Response time: 0.
[NX v20.6.4 Daemon Server] - 2025-03-27T12:42:43.232Z - Time taken for 'hash changed files from watcher' 0.36129100000835024ms
[NX v20.6.4 Daemon Server] - 2025-03-27T12:42:43.233Z - [REQUEST]: Responding to the client. handleGlob
[NX v20.6.4 Daemon Server] - 2025-03-27T12:42:43.234Z - Done responding to the client handleGlob
[NX v20.6.4 Daemon Server] - 2025-03-27T12:42:43.234Z - Handled GLOB. Handling time: 0. Response time: 1.
[NX v20.6.4 Daemon Server] - 2025-03-27T12:42:43.235Z - [REQUEST]: Responding to the client. handleHashMultiGlob
[NX v20.6.4 Daemon Server] - 2025-03-27T12:42:43.236Z - Done responding to the client handleHashMultiGlob
[NX v20.6.4 Daemon Server] - 2025-03-27T12:42:43.236Z - Handled HASH_GLOB. Handling time: 1. Response time: 1.
[NX v20.6.4 Daemon Server] - 2025-03-27T12:42:43.280Z - Time taken for 'build-project-configs' 48.35637500000303ms
[NX v20.6.4 Daemon Server] - 2025-03-27T12:42:43.302Z - [SYNC]: collect registered sync generators
[NX v20.6.4 Daemon Server] - 2025-03-27T12:42:43.302Z - [SYNC]: project graph hash is the same, not collecting task sync generators
[NX v20.6.4 Daemon Server] - 2025-03-27T12:42:43.302Z - [SYNC]: nx.json hash is the same, not collecting global sync generators
[NX v20.6.4 Daemon Server] - 2025-03-27T12:42:43.302Z - Time taken for 'total execution time for createProjectGraph()' 20.49741599999834ms
[NX v20.6.4 Daemon Server] - 2025-03-27T12:43:50.604Z - [WATCHER]: Processing file changes in outputs
[NX v20.6.4 Daemon Server] - 2025-03-27T12:43:50.605Z - [WATCHER]: apps/web-app/src/app/app.module.ts was deleted
[NX v20.6.4 Daemon Server] - 2025-03-27T12:43:51.406Z - [REQUEST]: Updated workspace context based on watched changes, recomputing project graph...
[NX v20.6.4 Daemon Server] - 2025-03-27T12:43:51.407Z - [REQUEST]: 
[NX v20.6.4 Daemon Server] - 2025-03-27T12:43:51.407Z - [REQUEST]: apps/web-app/src/app/app.module.ts
[NX v20.6.4 Daemon Server] - 2025-03-27T12:43:51.440Z - Time taken for 'hash changed files from watcher' 0.13662499998463318ms
[NX v20.6.4 Daemon Server] - 2025-03-27T12:43:51.444Z - [REQUEST]: Responding to the client. handleHashGlob
[NX v20.6.4 Daemon Server] - 2025-03-27T12:43:51.444Z - Done responding to the client handleHashGlob
[NX v20.6.4 Daemon Server] - 2025-03-27T12:43:51.444Z - Handled HASH_GLOB. Handling time: 1. Response time: 0.
[NX v20.6.4 Daemon Server] - 2025-03-27T12:43:51.445Z - [REQUEST]: Responding to the client. handleGlob
[NX v20.6.4 Daemon Server] - 2025-03-27T12:43:51.445Z - Done responding to the client handleGlob
[NX v20.6.4 Daemon Server] - 2025-03-27T12:43:51.445Z - Handled GLOB. Handling time: 1. Response time: 0.
[NX v20.6.4 Daemon Server] - 2025-03-27T12:43:51.447Z - [REQUEST]: Responding to the client. handleHashMultiGlob
[NX v20.6.4 Daemon Server] - 2025-03-27T12:43:51.447Z - Done responding to the client handleHashMultiGlob
[NX v20.6.4 Daemon Server] - 2025-03-27T12:43:51.448Z - Handled HASH_GLOB. Handling time: 1. Response time: 1.
[NX v20.6.4 Daemon Server] - 2025-03-27T12:43:51.485Z - Time taken for 'build-project-configs' 42.967749999981606ms
[NX v20.6.4 Daemon Server] - 2025-03-27T12:43:51.508Z - [SYNC]: collect registered sync generators
[NX v20.6.4 Daemon Server] - 2025-03-27T12:43:51.508Z - [SYNC]: project graph hash is the same, not collecting task sync generators
[NX v20.6.4 Daemon Server] - 2025-03-27T12:43:51.508Z - [SYNC]: nx.json hash is the same, not collecting global sync generators
[NX v20.6.4 Daemon Server] - 2025-03-27T12:43:51.508Z - Time taken for 'total execution time for createProjectGraph()' 20.92895800000406ms
[NX v20.6.4 Daemon Server] - 2025-03-27T12:43:58.742Z - [WATCHER]: apps/web-app/src/app/app-routing.module.ts was deleted
[NX v20.6.4 Daemon Server] - 2025-03-27T12:43:58.743Z - [WATCHER]: Processing file changes in outputs
[NX v20.6.4 Daemon Server] - 2025-03-27T12:44:00.343Z - [REQUEST]: Updated workspace context based on watched changes, recomputing project graph...
[NX v20.6.4 Daemon Server] - 2025-03-27T12:44:00.343Z - [REQUEST]: 
[NX v20.6.4 Daemon Server] - 2025-03-27T12:44:00.343Z - [REQUEST]: apps/web-app/src/app/app-routing.module.ts
[NX v20.6.4 Daemon Server] - 2025-03-27T12:44:00.347Z - [REQUEST]: Responding to the client. handleHashGlob
[NX v20.6.4 Daemon Server] - 2025-03-27T12:44:00.348Z - Done responding to the client handleHashGlob
[NX v20.6.4 Daemon Server] - 2025-03-27T12:44:00.348Z - Handled HASH_GLOB. Handling time: 0. Response time: 1.
[NX v20.6.4 Daemon Server] - 2025-03-27T12:44:00.348Z - Time taken for 'hash changed files from watcher' 0.0830419999838341ms
[NX v20.6.4 Daemon Server] - 2025-03-27T12:44:00.349Z - [REQUEST]: Responding to the client. handleGlob
[NX v20.6.4 Daemon Server] - 2025-03-27T12:44:00.349Z - Done responding to the client handleGlob
[NX v20.6.4 Daemon Server] - 2025-03-27T12:44:00.349Z - Handled GLOB. Handling time: 1. Response time: 0.
[NX v20.6.4 Daemon Server] - 2025-03-27T12:44:00.351Z - [REQUEST]: Responding to the client. handleHashMultiGlob
[NX v20.6.4 Daemon Server] - 2025-03-27T12:44:00.351Z - Done responding to the client handleHashMultiGlob
[NX v20.6.4 Daemon Server] - 2025-03-27T12:44:00.351Z - Handled HASH_GLOB. Handling time: 1. Response time: 0.
[NX v20.6.4 Daemon Server] - 2025-03-27T12:44:00.366Z - Time taken for 'build-project-configs' 17.705458999989787ms
[NX v20.6.4 Daemon Server] - 2025-03-27T12:44:00.387Z - [SYNC]: collect registered sync generators
[NX v20.6.4 Daemon Server] - 2025-03-27T12:44:00.388Z - [SYNC]: project graph hash is the same, not collecting task sync generators
[NX v20.6.4 Daemon Server] - 2025-03-27T12:44:00.388Z - [SYNC]: nx.json hash is the same, not collecting global sync generators
[NX v20.6.4 Daemon Server] - 2025-03-27T12:44:00.388Z - Time taken for 'total execution time for createProjectGraph()' 19.053291999996873ms
[NX v20.6.4 Daemon Server] - 2025-03-27T12:44:31.971Z - [WATCHER]: apps/web-app/src/app/app.config.ts was modified
[NX v20.6.4 Daemon Server] - 2025-03-27T12:44:31.972Z - [WATCHER]: Processing file changes in outputs
[NX v20.6.4 Daemon Server] - 2025-03-27T12:44:35.176Z - [REQUEST]: Updated workspace context based on watched changes, recomputing project graph...
[NX v20.6.4 Daemon Server] - 2025-03-27T12:44:35.176Z - [REQUEST]: apps/web-app/src/app/app.config.ts
[NX v20.6.4 Daemon Server] - 2025-03-27T12:44:35.176Z - [REQUEST]: 
[NX v20.6.4 Daemon Server] - 2025-03-27T12:44:35.239Z - [REQUEST]: Responding to the client. handleHashGlob
[NX v20.6.4 Daemon Server] - 2025-03-27T12:44:35.239Z - Done responding to the client handleHashGlob
[NX v20.6.4 Daemon Server] - 2025-03-27T12:44:35.239Z - Handled HASH_GLOB. Handling time: 1. Response time: 0.
[NX v20.6.4 Daemon Server] - 2025-03-27T12:44:35.239Z - Time taken for 'hash changed files from watcher' 0.4027499999792781ms
[NX v20.6.4 Daemon Server] - 2025-03-27T12:44:35.241Z - [REQUEST]: Responding to the client. handleGlob
[NX v20.6.4 Daemon Server] - 2025-03-27T12:44:35.241Z - Done responding to the client handleGlob
[NX v20.6.4 Daemon Server] - 2025-03-27T12:44:35.241Z - Handled GLOB. Handling time: 1. Response time: 0.
[NX v20.6.4 Daemon Server] - 2025-03-27T12:44:35.243Z - [REQUEST]: Responding to the client. handleHashMultiGlob
[NX v20.6.4 Daemon Server] - 2025-03-27T12:44:35.243Z - Done responding to the client handleHashMultiGlob
[NX v20.6.4 Daemon Server] - 2025-03-27T12:44:35.244Z - Handled HASH_GLOB. Handling time: 1. Response time: 1.
[NX v20.6.4 Daemon Server] - 2025-03-27T12:44:35.283Z - Time taken for 'build-project-configs' 48.57970899998327ms
[NX v20.6.4 Daemon Server] - 2025-03-27T12:44:35.312Z - [SYNC]: collect registered sync generators
[NX v20.6.4 Daemon Server] - 2025-03-27T12:44:35.313Z - [SYNC]: project graph hash is the same, not collecting task sync generators
[NX v20.6.4 Daemon Server] - 2025-03-27T12:44:35.313Z - [SYNC]: nx.json hash is the same, not collecting global sync generators
[NX v20.6.4 Daemon Server] - 2025-03-27T12:44:35.313Z - Time taken for 'total execution time for createProjectGraph()' 25.551875000004657ms
[NX v20.6.4 Daemon Server] - 2025-03-27T12:46:10.814Z - Established a connection. Number of open connections: 3
[NX v20.6.4 Daemon Server] - 2025-03-27T12:46:10.814Z - Closed a connection. Number of open connections: 2
[NX v20.6.4 Daemon Server] - 2025-03-27T12:46:10.814Z - Established a connection. Number of open connections: 3
[NX v20.6.4 Daemon Server] - 2025-03-27T12:46:10.818Z - [REQUEST]: Client Request for Project Graph Received
[NX v20.6.4 Daemon Server] - 2025-03-27T12:46:10.818Z - [REQUEST]: Responding to the client. project-graph
[NX v20.6.4 Daemon Server] - 2025-03-27T12:46:10.819Z - Time taken for 'total for creating and serializing project graph' 0.13762499997392297ms
[NX v20.6.4 Daemon Server] - 2025-03-27T12:46:10.820Z - Done responding to the client project-graph
[NX v20.6.4 Daemon Server] - 2025-03-27T12:46:10.820Z - Handled REQUEST_PROJECT_GRAPH. Handling time: 0. Response time: 2.
[NX v20.6.4 Daemon Server] - 2025-03-27T12:46:19.421Z - [REQUEST]: Client Request for Project Graph Received
[NX v20.6.4 Daemon Server] - 2025-03-27T12:46:19.424Z - [REQUEST]: Responding to the client. project-graph
[NX v20.6.4 Daemon Server] - 2025-03-27T12:46:19.424Z - Time taken for 'total for creating and serializing project graph' 2.6900000000023283ms
[NX v20.6.4 Daemon Server] - 2025-03-27T12:46:19.425Z - Done responding to the client project-graph
[NX v20.6.4 Daemon Server] - 2025-03-27T12:46:19.425Z - Handled REQUEST_PROJECT_GRAPH. Handling time: 3. Response time: 1.
[NX v20.6.4 Daemon Server] - 2025-03-27T12:46:19.440Z - [REQUEST]: Client Request for Project Graph Received
[NX v20.6.4 Daemon Server] - 2025-03-27T12:46:19.440Z - [REQUEST]: Responding to the client. project-graph
[NX v20.6.4 Daemon Server] - 2025-03-27T12:46:19.441Z - Time taken for 'total for creating and serializing project graph' 0.14479099999880418ms
[NX v20.6.4 Daemon Server] - 2025-03-27T12:46:19.441Z - Done responding to the client project-graph
[NX v20.6.4 Daemon Server] - 2025-03-27T12:46:19.441Z - Handled REQUEST_PROJECT_GRAPH. Handling time: 0. Response time: 1.
[NX v20.6.4 Daemon Server] - 2025-03-27T12:46:19.445Z - [REQUEST]: Client Request for Project Graph Received
[NX v20.6.4 Daemon Server] - 2025-03-27T12:46:19.446Z - [REQUEST]: Responding to the client. project-graph
[NX v20.6.4 Daemon Server] - 2025-03-27T12:46:19.446Z - Time taken for 'total for creating and serializing project graph' 0.08358299999963492ms
[NX v20.6.4 Daemon Server] - 2025-03-27T12:46:19.447Z - Done responding to the client project-graph
[NX v20.6.4 Daemon Server] - 2025-03-27T12:46:19.447Z - Handled REQUEST_PROJECT_GRAPH. Handling time: 1. Response time: 1.
[NX v20.6.4 Daemon Server] - 2025-03-27T12:46:19.702Z - Closed a connection. Number of open connections: 2
[NX v20.6.4 Daemon Server] - 2025-03-27T12:46:19.747Z - [WATCHER]: Processing file changes in outputs
[NX v20.6.4 Daemon Server] - 2025-03-27T12:46:19.748Z - [WATCHER]: 15 file(s) created or restored, 3 file(s) modified, 0 file(s) deleted
[NX v20.6.4 Daemon Server] - 2025-03-27T12:46:19.748Z - Closed a connection. Number of open connections: 1
[NX v20.6.4 Daemon Server] - 2025-03-27T12:46:19.748Z - Closed a connection. Number of open connections: 0
[NX v20.6.4 Daemon Server] - 2025-03-27T12:46:19.748Z - [WATCHER]: Stopping the watcher for /Users/dulan/Documents/mail-bridge-apps (sources)
[NX v20.6.4 Daemon Server] - 2025-03-27T12:46:19.748Z - [WATCHER]: Stopping the watcher for /Users/dulan/Documents/mail-bridge-apps (outputs)
[NX v20.6.4 Daemon Server] - 2025-03-27T12:46:19.749Z - Server stopped because: "Stopping the daemon the set of ignored files changed (native)"
[NX v20.6.4 Daemon Server] - 2025-03-27T12:46:19.954Z - Started listening on: /var/folders/86/2twby8z1395cv4zcxwss0z2c0000gp/T/821558aedca2c3adfd67/d.sock
[NX v20.6.4 Daemon Server] - 2025-03-27T12:46:19.955Z - [WATCHER]: Subscribed to changes within: /Users/dulan/Documents/mail-bridge-apps (native)
[NX v20.6.4 Daemon Server] - 2025-03-27T12:46:19.960Z - Established a connection. Number of open connections: 1
[NX v20.6.4 Daemon Server] - 2025-03-27T12:46:19.961Z - Established a connection. Number of open connections: 2
[NX v20.6.4 Daemon Server] - 2025-03-27T12:46:19.961Z - Closed a connection. Number of open connections: 1
[NX v20.6.4 Daemon Server] - 2025-03-27T12:46:19.962Z - [REQUEST]: Client Request for Project Graph Received
[NX v20.6.4 Daemon Server] - 2025-03-27T12:46:20.015Z - [WATCHER]: Processing file changes in outputs
[NX v20.6.4 Daemon Server] - 2025-03-27T12:46:20.095Z - Time taken for 'Load Nx Plugin: /Users/dulan/Documents/mail-bridge-apps/node_modules/nx/src/plugins/project-json/build-nodes/project-json' 131.14470799999998ms
[NX v20.6.4 Daemon Server] - 2025-03-27T12:46:20.095Z - Time taken for 'Load Nx Plugin: /Users/dulan/Documents/mail-bridge-apps/node_modules/nx/src/plugins/package-json' 131.586459ms
[NX v20.6.4 Daemon Server] - 2025-03-27T12:46:20.102Z - Time taken for 'loadDefaultNxPlugins' 139.22525000000002ms
[NX v20.6.4 Daemon Server] - 2025-03-27T12:46:20.120Z - Time taken for 'Load Nx Plugin: @nx/eslint/plugin' 156.76383299999998ms
[NX v20.6.4 Daemon Server] - 2025-03-27T12:46:20.133Z - [REQUEST]: Updated workspace context based on watched changes, recomputing project graph...
[NX v20.6.4 Daemon Server] - 2025-03-27T12:46:20.133Z - [REQUEST]: 
[NX v20.6.4 Daemon Server] - 2025-03-27T12:46:20.133Z - [REQUEST]: 
[NX v20.6.4 Daemon Server] - 2025-03-27T12:46:20.138Z - Time taken for 'loadSpecifiedNxPlugins' 170.827542ms
[NX v20.6.4 Daemon Server] - 2025-03-27T12:46:20.138Z - Established a connection. Number of open connections: 2
[NX v20.6.4 Daemon Server] - 2025-03-27T12:46:20.139Z - Established a connection. Number of open connections: 3
[NX v20.6.4 Daemon Server] - 2025-03-27T12:46:20.139Z - Closed a connection. Number of open connections: 2
[NX v20.6.4 Daemon Server] - 2025-03-27T12:46:20.139Z - Established a connection. Number of open connections: 3
[NX v20.6.4 Daemon Server] - 2025-03-27T12:46:20.140Z - [REQUEST]: Responding to the client. handleHashGlob
[NX v20.6.4 Daemon Server] - 2025-03-27T12:46:20.140Z - Done responding to the client handleHashGlob
[NX v20.6.4 Daemon Server] - 2025-03-27T12:46:20.140Z - Handled HASH_GLOB. Handling time: 1. Response time: 0.
[NX v20.6.4 Daemon Server] - 2025-03-27T12:46:20.140Z - Established a connection. Number of open connections: 4
[NX v20.6.4 Daemon Server] - 2025-03-27T12:46:20.140Z - Closed a connection. Number of open connections: 3
[NX v20.6.4 Daemon Server] - 2025-03-27T12:46:20.140Z - [REQUEST]: Responding to the client. handleGlob
[NX v20.6.4 Daemon Server] - 2025-03-27T12:46:20.140Z - Done responding to the client handleGlob
[NX v20.6.4 Daemon Server] - 2025-03-27T12:46:20.140Z - Handled GLOB. Handling time: 0. Response time: 0.
[NX v20.6.4 Daemon Server] - 2025-03-27T12:46:20.142Z - [REQUEST]: Responding to the client. handleHashMultiGlob
[NX v20.6.4 Daemon Server] - 2025-03-27T12:46:20.142Z - Done responding to the client handleHashMultiGlob
[NX v20.6.4 Daemon Server] - 2025-03-27T12:46:20.142Z - Handled HASH_GLOB. Handling time: 1. Response time: 0.
[NX v20.6.4 Daemon Server] - 2025-03-27T12:46:20.887Z - Time taken for 'build-project-configs' 741.58675ms
[NX v20.6.4 Daemon Server] - 2025-03-27T12:46:20.912Z - [SYNC]: collect registered sync generators
[NX v20.6.4 Daemon Server] - 2025-03-27T12:46:20.912Z - [REQUEST]: Responding to the client. project-graph
[NX v20.6.4 Daemon Server] - 2025-03-27T12:46:20.913Z - Time taken for 'total for creating and serializing project graph' 950.193708ms
[NX v20.6.4 Daemon Server] - 2025-03-27T12:46:20.914Z - Done responding to the client project-graph
[NX v20.6.4 Daemon Server] - 2025-03-27T12:46:20.914Z - Handled REQUEST_PROJECT_GRAPH. Handling time: 950. Response time: 2.
[NX v20.6.4 Daemon Server] - 2025-03-27T12:46:21.112Z - [REQUEST]: Client Request for Project Graph Received
[NX v20.6.4 Daemon Server] - 2025-03-27T12:46:21.112Z - [REQUEST]: Responding to the client. project-graph
[NX v20.6.4 Daemon Server] - 2025-03-27T12:46:21.113Z - Time taken for 'total for creating and serializing project graph' 0.1349999999999909ms
[NX v20.6.4 Daemon Server] - 2025-03-27T12:46:21.114Z - Done responding to the client project-graph
[NX v20.6.4 Daemon Server] - 2025-03-27T12:46:21.114Z - Handled REQUEST_PROJECT_GRAPH. Handling time: 0. Response time: 2.
[NX v20.6.4 Daemon Server] - 2025-03-27T12:46:21.126Z - [REQUEST]: Client Request for Project Graph Received
[NX v20.6.4 Daemon Server] - 2025-03-27T12:46:21.126Z - [REQUEST]: Responding to the client. project-graph
[NX v20.6.4 Daemon Server] - 2025-03-27T12:46:21.127Z - Time taken for 'total for creating and serializing project graph' 0.11391700000012861ms
[NX v20.6.4 Daemon Server] - 2025-03-27T12:46:21.127Z - Done responding to the client project-graph
[NX v20.6.4 Daemon Server] - 2025-03-27T12:46:21.128Z - Handled REQUEST_PROJECT_GRAPH. Handling time: 0. Response time: 2.
[NX v20.6.4 Daemon Server] - 2025-03-27T12:46:21.132Z - [REQUEST]: Client Request for Project Graph Received
[NX v20.6.4 Daemon Server] - 2025-03-27T12:46:21.132Z - [REQUEST]: Responding to the client. project-graph
[NX v20.6.4 Daemon Server] - 2025-03-27T12:46:21.132Z - Time taken for 'total for creating and serializing project graph' 0.08400000000006003ms
[NX v20.6.4 Daemon Server] - 2025-03-27T12:46:21.133Z - Done responding to the client project-graph
[NX v20.6.4 Daemon Server] - 2025-03-27T12:46:21.133Z - Handled REQUEST_PROJECT_GRAPH. Handling time: 0. Response time: 1.
[NX v20.6.4 Daemon Server] - 2025-03-27T12:46:21.350Z - Closed a connection. Number of open connections: 2
[NX v20.6.4 Daemon Server] - 2025-03-27T12:46:21.397Z - [WATCHER]: 13 file(s) created or restored, 1 file(s) modified, 0 file(s) deleted
[NX v20.6.4 Daemon Server] - 2025-03-27T12:46:21.398Z - [WATCHER]: Processing file changes in outputs
[NX v20.6.4 Daemon Server] - 2025-03-27T12:46:21.493Z - Established a connection. Number of open connections: 3
[NX v20.6.4 Daemon Server] - 2025-03-27T12:46:21.494Z - Closed a connection. Number of open connections: 2
[NX v20.6.4 Daemon Server] - 2025-03-27T12:46:21.494Z - Established a connection. Number of open connections: 3
[NX v20.6.4 Daemon Server] - 2025-03-27T12:46:21.495Z - [REQUEST]: Client Request for Project Graph Received
[NX v20.6.4 Daemon Server] - 2025-03-27T12:46:21.495Z - [REQUEST]: Updated workspace context based on watched changes, recomputing project graph...
[NX v20.6.4 Daemon Server] - 2025-03-27T12:46:21.495Z - [REQUEST]: core/project.json,core/README.md,core/src/lib/core/core.component.html,core/src/lib/core/core.component.spec.ts,core/src/lib/core/core.component.ts,core/tsconfig.spec.json,core/src/lib/core/core.component.css,core/eslint.config.mjs,core/tsconfig.json,core/src/index.ts,core/src/test-setup.ts,core/tsconfig.lib.json,core/jest.config.ts,tsconfig.base.json
[NX v20.6.4 Daemon Server] - 2025-03-27T12:46:21.495Z - [REQUEST]: 
[NX v20.6.4 Daemon Server] - 2025-03-27T12:46:21.498Z - Time taken for 'hash changed files from watcher' 0.4160829999998441ms
[NX v20.6.4 Daemon Server] - 2025-03-27T12:46:21.498Z - [REQUEST]: Responding to the client. handleHashGlob
[NX v20.6.4 Daemon Server] - 2025-03-27T12:46:21.498Z - Done responding to the client handleHashGlob
[NX v20.6.4 Daemon Server] - 2025-03-27T12:46:21.498Z - Handled HASH_GLOB. Handling time: 0. Response time: 0.
[NX v20.6.4 Daemon Server] - 2025-03-27T12:46:21.499Z - [REQUEST]: Responding to the client. handleGlob
[NX v20.6.4 Daemon Server] - 2025-03-27T12:46:21.499Z - Done responding to the client handleGlob
[NX v20.6.4 Daemon Server] - 2025-03-27T12:46:21.499Z - Handled GLOB. Handling time: 0. Response time: 0.
[NX v20.6.4 Daemon Server] - 2025-03-27T12:46:21.500Z - [REQUEST]: Responding to the client. handleHashMultiGlob
[NX v20.6.4 Daemon Server] - 2025-03-27T12:46:21.500Z - Done responding to the client handleHashMultiGlob
[NX v20.6.4 Daemon Server] - 2025-03-27T12:46:21.500Z - Handled HASH_GLOB. Handling time: 1. Response time: 0.
[NX v20.6.4 Daemon Server] - 2025-03-27T12:46:21.523Z - Time taken for 'build-project-configs' 24.341292000000067ms
[NX v20.6.4 Daemon Server] - 2025-03-27T12:46:21.539Z - [SYNC]: collect registered sync generators
[NX v20.6.4 Daemon Server] - 2025-03-27T12:46:21.540Z - [SYNC]: nx.json hash is the same, not collecting global sync generators
[NX v20.6.4 Daemon Server] - 2025-03-27T12:46:21.540Z - [REQUEST]: Responding to the client. project-graph
[NX v20.6.4 Daemon Server] - 2025-03-27T12:46:21.540Z - Time taken for 'total for creating and serializing project graph' 45.125375000000076ms
[NX v20.6.4 Daemon Server] - 2025-03-27T12:46:21.542Z - Done responding to the client project-graph
[NX v20.6.4 Daemon Server] - 2025-03-27T12:46:21.542Z - Handled REQUEST_PROJECT_GRAPH. Handling time: 45. Response time: 2.
[NX v20.6.4 Daemon Server] - 2025-03-27T12:46:21.733Z - [REQUEST]: Client Request for Project Graph Received
[NX v20.6.4 Daemon Server] - 2025-03-27T12:46:21.733Z - [REQUEST]: Responding to the client. project-graph
[NX v20.6.4 Daemon Server] - 2025-03-27T12:46:21.734Z - Time taken for 'total for creating and serializing project graph' 0.15650000000005093ms
[NX v20.6.4 Daemon Server] - 2025-03-27T12:46:21.735Z - Done responding to the client project-graph
[NX v20.6.4 Daemon Server] - 2025-03-27T12:46:21.735Z - Handled REQUEST_PROJECT_GRAPH. Handling time: 0. Response time: 2.
[NX v20.6.4 Daemon Server] - 2025-03-27T12:46:21.747Z - [REQUEST]: Client Request for Project Graph Received
[NX v20.6.4 Daemon Server] - 2025-03-27T12:46:21.813Z - [REQUEST]: Responding to the client. project-graph
[NX v20.6.4 Daemon Server] - 2025-03-27T12:46:21.814Z - Time taken for 'total for creating and serializing project graph' 66.17091699999992ms
[NX v20.6.4 Daemon Server] - 2025-03-27T12:46:21.816Z - Done responding to the client project-graph
[NX v20.6.4 Daemon Server] - 2025-03-27T12:46:21.816Z - Handled REQUEST_PROJECT_GRAPH. Handling time: 66. Response time: 3.
[NX v20.6.4 Daemon Server] - 2025-03-27T12:46:21.821Z - [REQUEST]: Client Request for Project Graph Received
[NX v20.6.4 Daemon Server] - 2025-03-27T12:46:21.822Z - [REQUEST]: Responding to the client. project-graph
[NX v20.6.4 Daemon Server] - 2025-03-27T12:46:21.822Z - Time taken for 'total for creating and serializing project graph' 0.1296669999999267ms
[NX v20.6.4 Daemon Server] - 2025-03-27T12:46:21.824Z - Done responding to the client project-graph
[NX v20.6.4 Daemon Server] - 2025-03-27T12:46:21.824Z - Handled REQUEST_PROJECT_GRAPH. Handling time: 1. Response time: 2.
[NX v20.6.4 Daemon Server] - 2025-03-27T12:46:22.049Z - Closed a connection. Number of open connections: 2
[NX v20.6.4 Daemon Server] - 2025-03-27T12:46:22.095Z - [WATCHER]: 13 file(s) created or restored, 1 file(s) modified, 0 file(s) deleted
[NX v20.6.4 Daemon Server] - 2025-03-27T12:46:22.095Z - [WATCHER]: Processing file changes in outputs
[NX v20.6.4 Daemon Server] - 2025-03-27T12:46:22.196Z - [REQUEST]: Updated workspace context based on watched changes, recomputing project graph...
[NX v20.6.4 Daemon Server] - 2025-03-27T12:46:22.196Z - [REQUEST]: models/tsconfig.json,models/eslint.config.mjs,models/src/lib/models/models.component.css,models/tsconfig.lib.json,models/jest.config.ts,models/src/index.ts,models/src/test-setup.ts,models/project.json,models/tsconfig.spec.json,models/src/lib/models/models.component.html,models/src/lib/models/models.component.spec.ts,models/README.md,models/src/lib/models/models.component.ts,tsconfig.base.json
[NX v20.6.4 Daemon Server] - 2025-03-27T12:46:22.196Z - [REQUEST]: 
[NX v20.6.4 Daemon Server] - 2025-03-27T12:46:22.201Z - [REQUEST]: Responding to the client. handleHashGlob
[NX v20.6.4 Daemon Server] - 2025-03-27T12:46:22.201Z - Done responding to the client handleHashGlob
[NX v20.6.4 Daemon Server] - 2025-03-27T12:46:22.201Z - Handled HASH_GLOB. Handling time: 1. Response time: 0.
[NX v20.6.4 Daemon Server] - 2025-03-27T12:46:22.201Z - Time taken for 'hash changed files from watcher' 0.4255840000000717ms
[NX v20.6.4 Daemon Server] - 2025-03-27T12:46:22.202Z - [REQUEST]: Responding to the client. handleGlob
[NX v20.6.4 Daemon Server] - 2025-03-27T12:46:22.202Z - Done responding to the client handleGlob
[NX v20.6.4 Daemon Server] - 2025-03-27T12:46:22.202Z - Handled GLOB. Handling time: 1. Response time: 0.
[NX v20.6.4 Daemon Server] - 2025-03-27T12:46:22.204Z - [REQUEST]: Responding to the client. handleHashMultiGlob
[NX v20.6.4 Daemon Server] - 2025-03-27T12:46:22.204Z - Done responding to the client handleHashMultiGlob
[NX v20.6.4 Daemon Server] - 2025-03-27T12:46:22.204Z - Handled HASH_GLOB. Handling time: 2. Response time: 0.
[NX v20.6.4 Daemon Server] - 2025-03-27T12:46:22.234Z - Time taken for 'build-project-configs' 32.57691699999987ms
[NX v20.6.4 Daemon Server] - 2025-03-27T12:46:22.253Z - [SYNC]: collect registered sync generators
[NX v20.6.4 Daemon Server] - 2025-03-27T12:46:22.253Z - [SYNC]: nx.json hash is the same, not collecting global sync generators
[NX v20.6.4 Daemon Server] - 2025-03-27T12:46:22.253Z - Time taken for 'total execution time for createProjectGraph()' 16.166749999999865ms
